#
# A fatal error has been detected by the Java Runtime Environment:
#
#  SIGSEGV (0xb) at pc=0x0000000100e4e755, pid=6880, tid=0x0000000000000e03
#
# JRE version: Java(TM) SE Runtime Environment (8.0_333-b02) (build 1.8.0_333-b02)
# Java VM: Java HotSpot(TM) 64-Bit Server VM (25.333-b02 mixed mode bsd-amd64 compressed oops)
# Problematic frame:
# C  [rsession+0x38755]
#
# Failed to write core dump. Core dumps have been disabled. To enable core dumping, try "ulimit -c unlimited" before starting Java again
#
# If you would like to submit a bug report, please visit:
#   http://bugreport.java.com/bugreport/crash.jsp
#

---------------  T H R E A D  ---------------

Current thread is native thread

siginfo: si_signo: 11 (SIGSEGV), si_code: 1 (SEGV_MAPERR), si_addr: 0x00007ff858499030

Registers:
RAX=0x0000000000000000, RBX=0x0000600003888780, RCX=0x00007ff8584679b0, RDX=0x00007ff858467790
RSP=0x0000700008a70710, RBP=0x0000700008a70790, RSI=0x00005dbc18908780, RDI=0x000060000194c180
R8 =0x0000000000054e49, R9 =0x00007ff858467770, R10=0x0000000101c588b8, R11=0x00000000000000a9
R12=0x0000700008a707f0, R13=0x0000000101bef489, R14=0x0000700008a707f0, R15=0x000060000194c180
RIP=0x0000000100e4e755, EFLAGS=0x0000000000000202, ERR=0x00000000020000b8
  TRAPNO=0x0000000000000085

Top of Stack: (sp=0x0000700008a70710)
0x0000700008a70710:   000000000000ffff 0000000000000010
0x0000700008a70720:   0000000000000005 0000000000000010
0x0000700008a70730:   0000000000000010 0000000101bef400
0x0000700008a70740:   0000000101e14000 00007ff8584ad000
0x0000700008a70750:   0000700008a70780 00007ff816b615a4
0x0000700008a70760:   00007ff816b6156c 000060000194c180
0x0000700008a70770:   0000700008a707f0 0000000101bef489
0x0000700008a70780:   0000000000000005 0000700008a707f0
0x0000700008a70790:   0000700008a707e0 0000000100e4e5ef
0x0000700008a707a0:   00007ff8584679b0 0000700008a70818
0x0000700008a707b0:   0000700008a707e0 0000000101c588a0
0x0000700008a707c0:   00007ff858467701 00007f8a87910740
0x0000700008a707d0:   000060000194c180 0000700008a70818
0x0000700008a707e0:   0000700008a70840 0000000100e4e50e
0x0000700008a707f0:   00007ff8584679d0 00007ff858467790
0x0000700008a70800:   00007ff8584679b0 00007ff858467770
0x0000700008a70810:   00007ff8584679d0 00007ff8584679d0
0x0000700008a70820:   00007f8a87910740 0000000000000000
0x0000700008a70830:   0000000101bef494 0000700008a708b0
0x0000700008a70840:   0000700008a708a0 0000000100e4e241
0x0000700008a70850:   00007ff816d05c36 0000000101bef494
0x0000700008a70860:   0000000101bef489 0000700008a70978
0x0000700008a70870:   0000000000000061 0000000000000001
0x0000700008a70880:   0000000000000001 0000700008a709d0
0x0000700008a70890:   000060000229c068 0000700008a709b0
0x0000700008a708a0:   0000700008a70900 00000001018cb93e
0x0000700008a708b0:   0000000000000000 0000000000000000
0x0000700008a708c0:   0000000101e14000 0000000101c2cf30
0x0000700008a708d0:   0000000101c392e0 0000000000000001
0x0000700008a708e0:   0000000000000001 0000700008a709b0
0x0000700008a708f0:   000060000229c068 0000600000e81040
0x0000700008a70900:   0000700008a70950 0000000101870e14 

Instructions: (pc=0x0000000100e4e755)
0x0000000100e4e735:   a1 e0 00 eb 1b 66 0f 1f 44 00 00 0f 92 c0 0f b6
0x0000000100e4e745:   c0 84 c0 48 0f 44 de 48 8b 34 c6 48 85 f6 74 12
0x0000000100e4e755:   48 39 56 28 75 e5 48 39 4e 30 75 df 4c 39 4e 38
0x0000000100e4e765:   eb d9 48 8d 05 92 a1 e0 00 48 39 c3 74 16 48 3b 

Register to memory mapping:

RAX=0x0000000000000000 is an unknown value
RBX=0x0000600003888780 is an unknown value
RCX=0x00007ff8584679b0: _ZZNSt3__112_GLOBAL__N_14makeINS_8messagesIcEEjEERT_T0_E3buf+0 in /usr/lib/libc++.1.dylib at 0x00007ff816c99000
RDX=0x00007ff858467790: _ZZNSt3__112_GLOBAL__N_14makeINS_5ctypeIcEEDnbjEERT_T0_T1_T2_E3buf+0 in /usr/lib/libc++.1.dylib at 0x00007ff816c99000
RSP=0x0000700008a70710 is an unknown value
RBP=0x0000700008a70790 is an unknown value
RSI=0x00005dbc18908780 is an unknown value
RDI=0x000060000194c180 is an unknown value
R8 =0x0000000000054e49 is an unknown value
R9 =0x00007ff858467770: _ZZNSt3__112_GLOBAL__N_14makeINS_7collateIcEEjEERT_T0_E3buf+0 in /usr/lib/libc++.1.dylib at 0x00007ff816c99000
R10=0x0000000101c588b8: _ZGVZN13rstudio_boost4asio5error21get_addrinfo_categoryEvE8instance+0xa8 in /Applications/RStudio.app/Contents/MacOS/rsession at 0x0000000100e16000
R11=0x00000000000000a9 is an unknown value
R12=0x0000700008a707f0 is an unknown value
R13=0x0000000101bef489: <offset 0xdd9489> in /Applications/RStudio.app/Contents/MacOS/rsession at 0x0000000100e16000
R14=0x0000700008a707f0 is an unknown value
R15=0x000060000194c180 is an unknown value


Stack: [0x00007000089f1000,0x0000700008a71000],  sp=0x0000700008a70710,  free space=509k
Native frames: (J=compiled Java code, j=interpreted, Vv=VM code, C=native code)
C  [rsession+0x38755]
C  [rsession+0x385ef]
C  [rsession+0x3850e]
C  [rsession+0x38241]
C  [rsession+0xab593e]  _ZN13rstudio_boost4asio6detail24descriptor_write_op_baseINS0_15const_buffers_1EE10do_performEPNS1_10reactor_opE+0x10d68e
C  [rsession+0xa5ae14]  _ZN13rstudio_boost4asio6detail24descriptor_write_op_baseINS0_15const_buffers_1EE10do_performEPNS1_10reactor_opE+0xb2b64
C  [rsession+0xa766c0]  _ZN13rstudio_boost4asio6detail24descriptor_write_op_baseINS0_15const_buffers_1EE10do_performEPNS1_10reactor_opE+0xce410
C  [rsession+0xa79fa5]  _ZN13rstudio_boost4asio6detail24descriptor_write_op_baseINS0_15const_buffers_1EE10do_performEPNS1_10reactor_opE+0xd1cf5
C  [rsession+0xa7a041]  _ZN13rstudio_boost4asio6detail24descriptor_write_op_baseINS0_15const_buffers_1EE10do_performEPNS1_10reactor_opE+0xd1d91
C  [rsession+0x89e46f]  _ZN13rstudio_boost4asio12placeholders17bytes_transferredEv+0xdab7f
C  [rsession+0x894057]  _ZN13rstudio_boost4asio12placeholders17bytes_transferredEv+0xd0767
C  [rsession+0x894c6a]  _ZN13rstudio_boost4asio12placeholders17bytes_transferredEv+0xd137a
C  [rsession+0x894abf]  _ZN13rstudio_boost4asio12placeholders17bytes_transferredEv+0xd11cf
C